<?xml version="1.0" encoding="UTF-8"?>
<testsuite name="Video20"
           tests="2"
           failures="0"
           errors="0"
           skipped="0"
           time="272.523">
  <properties />
  
  
            <testcase name="Test_Video20Elements" time="141.811" classname="TemplateResponseTypeTestRelated.NativeTestRelated.NativeVideoReponseTest" />
                <testcase name="Test_Video20Elements" time="130.712" classname="TemplateResponseTypeTestRelated.NativeTestRelated.NativeVideoReponseTest" />
      
</testsuite>
